{
  "0 debug pnpm:scope": {
    "selected": 1
  },
  "1 debug pnpm:package-manifest": {
    "initial": {
      "name": "dan.my.id",
      "version": "0.0.1",
      "scripts": {
        "dev": "svelte-kit dev",
        "build": "svelte-kit build",
        "preview": "svelte-kit preview",
        "lint": "prettier --ignore-path .gitignore --check --plugin-search-dir=. .",
        "format": "prettier --ignore-path .gitignore --write --plugin-search-dir=. ."
      },
      "devDependencies": {
        "@sveltejs/kit": "next",
        "prettier": "^2.4.1",
        "prettier-plugin-svelte": "^2.4.0",
        "svelte": "^3.42.6"
      },
      "type": "module"
    },
    "prefix": "C:\\Users\\hp\\www\\dan.my.id"
  },
  "2 debug pnpm:context": {
    "currentLockfileExists": false,
    "storeDir": "C:\\Users\\hp\\.pnpm-store\\v3",
    "virtualStoreDir": "C:\\Users\\hp\\www\\dan.my.id\\node_modules\\.pnpm"
  },
  "3 debug pnpm:stage": {
    "prefix": "C:\\Users\\hp\\www\\dan.my.id",
    "stage": "resolution_started"
  },
  "4 debug pnpm:_dependency_resolved": {
    "resolution": "registry.npmjs.org/rehype-autolink-headings/6.1.0",
    "wanted": {
      "dependentId": ".",
      "name": "rehype-autolink-headings",
      "rawSpec": "latest"
    }
  },
  "5 debug pnpm:progress": {
    "packageId": "registry.npmjs.org/rehype-autolink-headings/6.1.0",
    "requester": "C:\\Users\\hp\\www\\dan.my.id",
    "status": "resolved"
  },
  "6 debug pnpm:_dependency_resolved": {
    "resolution": "registry.npmjs.org/rehype-slug/5.0.0",
    "wanted": {
      "dependentId": ".",
      "name": "rehype-slug",
      "rawSpec": "latest"
    }
  },
  "7 debug pnpm:progress": {
    "packageId": "registry.npmjs.org/rehype-slug/5.0.0",
    "requester": "C:\\Users\\hp\\www\\dan.my.id",
    "status": "resolved"
  },
  "8 debug pnpm:_dependency_resolved": {
    "resolution": "registry.npmjs.org/highlight.js/11.3.1",
    "wanted": {
      "dependentId": ".",
      "name": "highlight.js",
      "rawSpec": "latest"
    }
  },
  "9 debug pnpm:progress": {
    "packageId": "registry.npmjs.org/highlight.js/11.3.1",
    "requester": "C:\\Users\\hp\\www\\dan.my.id",
    "status": "resolved"
  },
  "10 debug pnpm:fetching-progress": {
    "attempt": 1,
    "packageId": "registry.npmjs.org/rehype-autolink-headings/6.1.0",
    "size": 5850,
    "status": "started"
  },
  "11 debug pnpm:fetching-progress": {
    "attempt": 1,
    "packageId": "registry.npmjs.org/rehype-slug/5.0.0",
    "size": 3558,
    "status": "started"
  },
  "12 debug pnpm:_dependency_resolved": {
    "resolution": "registry.npmjs.org/prettier/2.4.1",
    "wanted": {
      "dependentId": ".",
      "name": "prettier",
      "rawSpec": "^2.4.1"
    }
  },
  "13 debug pnpm:progress": {
    "packageId": "registry.npmjs.org/prettier/2.4.1",
    "requester": "C:\\Users\\hp\\www\\dan.my.id",
    "status": "resolved"
  },
  "14 debug pnpm:progress": {
    "packageId": "registry.npmjs.org/rehype-autolink-headings/6.1.0",
    "requester": "C:\\Users\\hp\\www\\dan.my.id",
    "status": "fetched"
  },
  "15 debug pnpm:progress": {
    "packageId": "registry.npmjs.org/prettier/2.4.1",
    "requester": "C:\\Users\\hp\\www\\dan.my.id",
    "status": "found_in_store"
  },
  "16 debug pnpm:fetching-progress": {
    "attempt": 1,
    "packageId": "registry.npmjs.org/highlight.js/11.3.1",
    "size": 703685,
    "status": "started"
  },
  "17 debug pnpm:progress": {
    "packageId": "registry.npmjs.org/rehype-slug/5.0.0",
    "requester": "C:\\Users\\hp\\www\\dan.my.id",
    "status": "fetched"
  },
  "18 debug pnpm:_dependency_resolved": {
    "resolution": "registry.npmjs.org/highlightjs-svelte/1.0.6",
    "wanted": {
      "dependentId": ".",
      "name": "highlightjs-svelte",
      "rawSpec": "latest"
    }
  },
  "19 debug pnpm:progress": {
    "packageId": "registry.npmjs.org/highlightjs-svelte/1.0.6",
    "requester": "C:\\Users\\hp\\www\\dan.my.id",
    "status": "resolved"
  },
  "20 debug pnpm:_dependency_resolved": {
    "resolution": "registry.npmjs.org/rehype-sanitize/5.0.0",
    "wanted": {
      "dependentId": ".",
      "name": "rehype-sanitize",
      "rawSpec": "latest"
    }
  },
  "21 debug pnpm:progress": {
    "packageId": "registry.npmjs.org/rehype-sanitize/5.0.0",
    "requester": "C:\\Users\\hp\\www\\dan.my.id",
    "status": "resolved"
  },
  "22 debug pnpm:progress": {
    "packageId": "registry.npmjs.org/highlightjs-svelte/1.0.6",
    "requester": "C:\\Users\\hp\\www\\dan.my.id",
    "status": "found_in_store"
  },
  "23 debug pnpm:_dependency_resolved": {
    "resolution": "registry.npmjs.org/svelte-sitemap/2.1.1",
    "wanted": {
      "dependentId": ".",
      "name": "svelte-sitemap",
      "rawSpec": "latest"
    }
  },
  "24 debug pnpm:progress": {
    "packageId": "registry.npmjs.org/svelte-sitemap/2.1.1",
    "requester": "C:\\Users\\hp\\www\\dan.my.id",
    "status": "resolved"
  },
  "25 error pnpm": {
    "code": "ERR_PNPM_FETCH_404",
    "hint": "rehype-stringfy is not in the npm registry, or you have no permission to fetch it.\n\nNo authorization header was set for the request.",
    "request": {
      "url": "https://registry.npmjs.org/rehype-stringfy"
    },
    "response": {
      "size": 0
    },
    "pkgName": "rehype-stringfy",
    "pkgsStack": [],
    "err": {
      "name": "pnpm",
      "message": "GET https://registry.npmjs.org/rehype-stringfy: Not Found - 404",
      "code": "ERR_PNPM_FETCH_404",
      "stack": "pnpm: GET https://registry.npmjs.org/rehype-stringfy: Not Found - 404\n    at RetryOperation._fn (C:\\Users\\hp\\scoop\\persist\\nodejs-lts\\bin\\node_modules\\pnpm\\dist\\pnpm.cjs:84881:18)\n    at runMicrotasks (<anonymous>)\n    at processTicksAndRejections (node:internal/process/task_queues:96:5)"
    }
  }
}